# JRE version: Java(TM) SE Runtime Environment (7.0_55-b13) (build 1.7.0_55-b13)
# Java VM: Java HotSpot(TM) 64-Bit Server VM (24.55-b03 mixed mode windows-amd64 compressed oops)
Heap
 PSYoungGen      total 547840K, used 301647K [0x0000000755a00000, 0x0000000796100000, 0x0000000800000000)
  eden space 526336K, 57% used [0x0000000755a00000,0x0000000767f8bef0,0x0000000775c00000)
  from space 21504K, 4% used [0x0000000775c00000,0x0000000775d08000,0x0000000777100000)
  to   space 1536K, 0% used [0x0000000795f80000,0x0000000795f80000,0x0000000796100000)
 ParOldGen       total 348672K, used 0K [0x0000000600e00000, 0x0000000616280000, 0x0000000755a00000)
  object space 348672K, 0% used [0x0000000600e00000,0x0000000600e00000,0x0000000616280000)
 PSPermGen       total 21504K, used 7484K [0x00000005fbc00000, 0x00000005fd100000, 0x0000000600e00000)
  object space 21504K, 34% used [0x00000005fbc00000,0x00000005fc34f1e8,0x00000005fd100000)
GC Heap History (10 events):
Event: 0.186 GC heap before
{Heap before GC invocations=1 (full 0):
 PSYoungGen      total 153088K, used 131584K [0x0000000755a00000, 0x0000000760480000, 0x0000000800000000)
  eden space 131584K, 100% used [0x0000000755a00000,0x000000075da80000,0x000000075da80000)
  from space 21504K, 0% used [0x000000075ef80000,0x000000075ef80000,0x0000000760480000)
  to   space 21504K, 0% used [0x000000075da80000,0x000000075da80000,0x000000075ef80000)
 ParOldGen       total 348672K, used 0K [0x0000000600e00000, 0x0000000616280000, 0x0000000755a00000)
  object space 348672K, 0% used [0x0000000600e00000,0x0000000600e00000,0x0000000616280000)
 PSPermGen       total 21504K, used 7481K [0x00000005fbc00000, 0x00000005fd100000, 0x0000000600e00000)
  object space 21504K, 34% used [0x00000005fbc00000,0x00000005fc34e6c8,0x00000005fd100000)
Event: 0.190 GC heap after
Heap after GC invocations=1 (full 0):
 PSYoungGen      total 153088K, used 1056K [0x0000000755a00000, 0x0000000768500000, 0x0000000800000000)
  eden space 131584K, 0% used [0x0000000755a00000,0x0000000755a00000,0x000000075da80000)
  from space 21504K, 4% used [0x000000075da80000,0x000000075db88000,0x000000075ef80000)
  to   space 21504K, 0% used [0x0000000767000000,0x0000000767000000,0x0000000768500000)
 ParOldGen       total 348672K, used 0K [0x0000000600e00000, 0x0000000616280000, 0x0000000755a00000)
  object space 348672K, 0% used [0x0000000600e00000,0x0000000600e00000,0x0000000616280000)
 PSPermGen       total 21504K, used 7481K [0x00000005fbc00000, 0x00000005fd100000, 0x0000000600e00000)
  object space 21504K, 34% used [0x00000005fbc00000,0x00000005fc34e6c8,0x00000005fd100000)
}
Event: 0.212 GC heap before
{Heap before GC invocations=2 (full 0):
 PSYoungGen      total 153088K, used 132640K [0x0000000755a00000, 0x0000000768500000, 0x0000000800000000)
  eden space 131584K, 100% used [0x0000000755a00000,0x000000075da80000,0x000000075da80000)
  from space 21504K, 4% used [0x000000075da80000,0x000000075db88000,0x000000075ef80000)
  to   space 21504K, 0% used [0x0000000767000000,0x0000000767000000,0x0000000768500000)
 ParOldGen       total 348672K, used 0K [0x0000000600e00000, 0x0000000616280000, 0x0000000755a00000)
  object space 348672K, 0% used [0x0000000600e00000,0x0000000600e00000,0x0000000616280000)
 PSPermGen       total 21504K, used 7484K [0x00000005fbc00000, 0x00000005fd100000, 0x0000000600e00000)
  object space 21504K, 34% used [0x00000005fbc00000,0x00000005fc34f1e8,0x00000005fd100000)
Event: 0.219 GC heap after
Heap after GC invocations=2 (full 0):
 PSYoungGen      total 284672K, used 960K [0x0000000755a00000, 0x0000000768500000, 0x0000000800000000)
  eden space 263168K, 0% used [0x0000000755a00000,0x0000000755a00000,0x0000000765b00000)
  from space 21504K, 4% used [0x0000000767000000,0x00000007670f0000,0x0000000768500000)
  to   space 21504K, 0% used [0x0000000765b00000,0x0000000765b00000,0x0000000767000000)
 ParOldGen       total 348672K, used 0K [0x0000000600e00000, 0x0000000616280000, 0x0000000755a00000)
  object space 348672K, 0% used [0x0000000600e00000,0x0000000600e00000,0x0000000616280000)
 PSPermGen       total 21504K, used 7484K [0x00000005fbc00000, 0x00000005fd100000, 0x0000000600e00000)
  object space 21504K, 34% used [0x00000005fbc00000,0x00000005fc34f1e8,0x00000005fd100000)
}
Event: 0.256 GC heap before
{Heap before GC invocations=3 (full 0):
 PSYoungGen      total 284672K, used 264128K [0x0000000755a00000, 0x0000000768500000, 0x0000000800000000)
  eden space 263168K, 100% used [0x0000000755a00000,0x0000000765b00000,0x0000000765b00000)
  from space 21504K, 4% used [0x0000000767000000,0x00000007670f0000,0x0000000768500000)
  to   space 21504K, 0% used [0x0000000765b00000,0x0000000765b00000,0x0000000767000000)
 ParOldGen       total 348672K, used 0K [0x0000000600e00000, 0x0000000616280000, 0x0000000755a00000)
  object space 348672K, 0% used [0x0000000600e00000,0x0000000600e00000,0x0000000616280000)
 PSPermGen       total 21504K, used 7484K [0x00000005fbc00000, 0x00000005fd100000, 0x0000000600e00000)
  object space 21504K, 34% used [0x00000005fbc00000,0x00000005fc34f1e8,0x00000005fd100000)
Event: 0.257 GC heap after
Heap after GC invocations=3 (full 0):
 PSYoungGen      total 284672K, used 992K [0x0000000755a00000, 0x0000000778600000, 0x0000000800000000)
  eden space 263168K, 0% used [0x0000000755a00000,0x0000000755a00000,0x0000000765b00000)
  from space 21504K, 4% used [0x0000000765b00000,0x0000000765bf8000,0x0000000767000000)
  to   space 21504K, 0% used [0x0000000777100000,0x0000000777100000,0x0000000778600000)
 ParOldGen       total 348672K, used 0K [0x0000000600e00000, 0x0000000616280000, 0x0000000755a00000)
  object space 348672K, 0% used [0x0000000600e00000,0x0000000600e00000,0x0000000616280000)
 PSPermGen       total 21504K, used 7484K [0x00000005fbc00000, 0x00000005fd100000, 0x0000000600e00000)
  object space 21504K, 34% used [0x00000005fbc00000,0x00000005fc34f1e8,0x00000005fd100000)
}
Event: 0.284 GC heap before
{Heap before GC invocations=4 (full 0):
 PSYoungGen      total 284672K, used 264160K [0x0000000755a00000, 0x0000000778600000, 0x0000000800000000)
  eden space 263168K, 100% used [0x0000000755a00000,0x0000000765b00000,0x0000000765b00000)
  from space 21504K, 4% used [0x0000000765b00000,0x0000000765bf8000,0x0000000767000000)
  to   space 21504K, 0% used [0x0000000777100000,0x0000000777100000,0x0000000778600000)
 ParOldGen       total 348672K, used 0K [0x0000000600e00000, 0x0000000616280000, 0x0000000755a00000)
  object space 348672K, 0% used [0x0000000600e00000,0x0000000600e00000,0x0000000616280000)
 PSPermGen       total 21504K, used 7484K [0x00000005fbc00000, 0x00000005fd100000, 0x0000000600e00000)
  object space 21504K, 34% used [0x00000005fbc00000,0x00000005fc34f1e8,0x00000005fd100000)
Event: 0.286 GC heap after
Heap after GC invocations=4 (full 0):
 PSYoungGen      total 547840K, used 1056K [0x0000000755a00000, 0x0000000778600000, 0x0000000800000000)
  eden space 526336K, 0% used [0x0000000755a00000,0x0000000755a00000,0x0000000775c00000)
  from space 21504K, 4% used [0x0000000777100000,0x0000000777208000,0x0000000778600000)
  to   space 21504K, 0% used [0x0000000775c00000,0x0000000775c00000,0x0000000777100000)
 ParOldGen       total 348672K, used 0K [0x0000000600e00000, 0x0000000616280000, 0x0000000755a00000)
  object space 348672K, 0% used [0x0000000600e00000,0x0000000600e00000,0x0000000616280000)
 PSPermGen       total 21504K, used 7484K [0x00000005fbc00000, 0x00000005fd100000, 0x0000000600e00000)
  object space 21504K, 34% used [0x00000005fbc00000,0x00000005fc34f1e8,0x00000005fd100000)
}
Event: 0.359 GC heap before
{Heap before GC invocations=5 (full 0):
 PSYoungGen      total 547840K, used 527392K [0x0000000755a00000, 0x0000000778600000, 0x0000000800000000)
  eden space 526336K, 100% used [0x0000000755a00000,0x0000000775c00000,0x0000000775c00000)
  from space 21504K, 4% used [0x0000000777100000,0x0000000777208000,0x0000000778600000)
  to   space 21504K, 0% used [0x0000000775c00000,0x0000000775c00000,0x0000000777100000)
 ParOldGen       total 348672K, used 0K [0x0000000600e00000, 0x0000000616280000, 0x0000000755a00000)
  object space 348672K, 0% used [0x0000000600e00000,0x0000000600e00000,0x0000000616280000)
 PSPermGen       total 21504K, used 7484K [0x00000005fbc00000, 0x00000005fd100000, 0x0000000600e00000)
  object space 21504K, 34% used [0x00000005fbc00000,0x00000005fc34f1e8,0x00000005fd100000)
Event: 0.361 GC heap after
Heap after GC invocations=5 (full 0):
 PSYoungGen      total 547840K, used 1056K [0x0000000755a00000, 0x0000000796100000, 0x0000000800000000)
  eden space 526336K, 0% used [0x0000000755a00000,0x0000000755a00000,0x0000000775c00000)
  from space 21504K, 4% used [0x0000000775c00000,0x0000000775d08000,0x0000000777100000)
  to   space 1536K, 0% used [0x0000000795f80000,0x0000000795f80000,0x0000000796100000)
 ParOldGen       total 348672K, used 0K [0x0000000600e00000, 0x0000000616280000, 0x0000000755a00000)
  object space 348672K, 0% used [0x0000000600e00000,0x0000000600e00000,0x0000000616280000)
 PSPermGen       total 21504K, used 7484K [0x00000005fbc00000, 0x00000005fd100000, 0x0000000600e00000)
  object space 21504K, 34% used [0x00000005fbc00000,0x00000005fc34f1e8,0x00000005fd100000)
}

