# JRE version: Java(TM) SE Runtime Environment (7.0_55-b13) (build 1.7.0_55-b13)
# Java VM: Java HotSpot(TM) 64-Bit Server VM (24.55-b03 mixed mode windows-amd64 compressed oops)
Heap
 PSYoungGen      total 2106880K, used 505751K [0x0000000755a00000, 0x0000000800000000, 0x0000000800000000)
  eden space 2105344K, 24% used [0x0000000755a00000,0x0000000774785ce8,0x00000007d6200000)
  from space 1536K, 25% used [0x00000007d6200000,0x00000007d6260000,0x00000007d6380000)
  to   space 1536K, 0% used [0x00000007ffe80000,0x00000007ffe80000,0x0000000800000000)
 ParOldGen       total 348672K, used 1036K [0x0000000600e00000, 0x0000000616280000, 0x0000000755a00000)
  object space 348672K, 0% used [0x0000000600e00000,0x0000000600f03060,0x0000000616280000)
 PSPermGen       total 21504K, used 7487K [0x00000005fbc00000, 0x00000005fd100000, 0x0000000600e00000)
  object space 21504K, 34% used [0x00000005fbc00000,0x00000005fc34fc58,0x00000005fd100000)
GC Heap History (10 events):
Event: 0.361 GC heap before
{Heap before GC invocations=5 (full 0):
 PSYoungGen      total 547840K, used 527360K [0x0000000755a00000, 0x0000000778600000, 0x0000000800000000)
  eden space 526336K, 100% used [0x0000000755a00000,0x0000000775c00000,0x0000000775c00000)
  from space 21504K, 4% used [0x0000000777100000,0x0000000777200000,0x0000000778600000)
  to   space 21504K, 0% used [0x0000000775c00000,0x0000000775c00000,0x0000000777100000)
 ParOldGen       total 348672K, used 8K [0x0000000600e00000, 0x0000000616280000, 0x0000000755a00000)
  object space 348672K, 0% used [0x0000000600e00000,0x0000000600e02000,0x0000000616280000)
 PSPermGen       total 21504K, used 7485K [0x00000005fbc00000, 0x00000005fd100000, 0x0000000600e00000)
  object space 21504K, 34% used [0x00000005fbc00000,0x00000005fc34f7a0,0x00000005fd100000)
Event: 0.363 GC heap after
Heap after GC invocations=5 (full 0):
 PSYoungGen      total 547840K, used 1056K [0x0000000755a00000, 0x0000000796100000, 0x0000000800000000)
  eden space 526336K, 0% used [0x0000000755a00000,0x0000000755a00000,0x0000000775c00000)
  from space 21504K, 4% used [0x0000000775c00000,0x0000000775d08020,0x0000000777100000)
  to   space 1536K, 0% used [0x0000000795f80000,0x0000000795f80000,0x0000000796100000)
 ParOldGen       total 348672K, used 8K [0x0000000600e00000, 0x0000000616280000, 0x0000000755a00000)
  object space 348672K, 0% used [0x0000000600e00000,0x0000000600e02000,0x0000000616280000)
 PSPermGen       total 21504K, used 7485K [0x00000005fbc00000, 0x00000005fd100000, 0x0000000600e00000)
  object space 21504K, 34% used [0x00000005fbc00000,0x00000005fc34f7a0,0x00000005fd100000)
}
Event: 0.421 GC heap before
{Heap before GC invocations=6 (full 0):
 PSYoungGen      total 547840K, used 527392K [0x0000000755a00000, 0x0000000796100000, 0x0000000800000000)
  eden space 526336K, 100% used [0x0000000755a00000,0x0000000775c00000,0x0000000775c00000)
  from space 21504K, 4% used [0x0000000775c00000,0x0000000775d08020,0x0000000777100000)
  to   space 1536K, 0% used [0x0000000795f80000,0x0000000795f80000,0x0000000796100000)
 ParOldGen       total 348672K, used 8K [0x0000000600e00000, 0x0000000616280000, 0x0000000755a00000)
  object space 348672K, 0% used [0x0000000600e00000,0x0000000600e02000,0x0000000616280000)
 PSPermGen       total 21504K, used 7486K [0x00000005fbc00000, 0x00000005fd100000, 0x0000000600e00000)
  object space 21504K, 34% used [0x00000005fbc00000,0x00000005fc34f880,0x00000005fd100000)
Event: 0.422 GC heap after
Heap after GC invocations=6 (full 0):
 PSYoungGen      total 1054208K, used 1024K [0x0000000755a00000, 0x0000000796100000, 0x0000000800000000)
  eden space 1052672K, 0% used [0x0000000755a00000,0x0000000755a00000,0x0000000795e00000)
  from space 1536K, 66% used [0x0000000795f80000,0x0000000796080020,0x0000000796100000)
  to   space 1536K, 0% used [0x0000000795e00000,0x0000000795e00000,0x0000000795f80000)
 ParOldGen       total 348672K, used 8K [0x0000000600e00000, 0x0000000616280000, 0x0000000755a00000)
  object space 348672K, 0% used [0x0000000600e00000,0x0000000600e02000,0x0000000616280000)
 PSPermGen       total 21504K, used 7486K [0x00000005fbc00000, 0x00000005fd100000, 0x0000000600e00000)
  object space 21504K, 34% used [0x00000005fbc00000,0x00000005fc34f880,0x00000005fd100000)
}
Event: 0.576 GC heap before
{Heap before GC invocations=7 (full 0):
 PSYoungGen      total 1054208K, used 1053696K [0x0000000755a00000, 0x0000000796100000, 0x0000000800000000)
  eden space 1052672K, 100% used [0x0000000755a00000,0x0000000795e00000,0x0000000795e00000)
  from space 1536K, 66% used [0x0000000795f80000,0x0000000796080020,0x0000000796100000)
  to   space 1536K, 0% used [0x0000000795e00000,0x0000000795e00000,0x0000000795f80000)
 ParOldGen       total 348672K, used 8K [0x0000000600e00000, 0x0000000616280000, 0x0000000755a00000)
  object space 348672K, 0% used [0x0000000600e00000,0x0000000600e02000,0x0000000616280000)
 PSPermGen       total 21504K, used 7487K [0x00000005fbc00000, 0x00000005fd100000, 0x0000000600e00000)
  object space 21504K, 34% used [0x00000005fbc00000,0x00000005fc34fc58,0x00000005fd100000)
Event: 0.578 GC heap after
Heap after GC invocations=7 (full 0):
 PSYoungGen      total 1054208K, used 224K [0x0000000755a00000, 0x00000007d6500000, 0x0000000800000000)
  eden space 1052672K, 0% used [0x0000000755a00000,0x0000000755a00000,0x0000000795e00000)
  from space 1536K, 14% used [0x0000000795e00000,0x0000000795e38000,0x0000000795f80000)
  to   space 1536K, 0% used [0x00000007d6380000,0x00000007d6380000,0x00000007d6500000)
 ParOldGen       total 348672K, used 916K [0x0000000600e00000, 0x0000000616280000, 0x0000000755a00000)
  object space 348672K, 0% used [0x0000000600e00000,0x0000000600ee5060,0x0000000616280000)
 PSPermGen       total 21504K, used 7487K [0x00000005fbc00000, 0x00000005fd100000, 0x0000000600e00000)
  object space 21504K, 34% used [0x00000005fbc00000,0x00000005fc34fc58,0x00000005fd100000)
}
Event: 0.691 GC heap before
{Heap before GC invocations=8 (full 0):
 PSYoungGen      total 1054208K, used 1052896K [0x0000000755a00000, 0x00000007d6500000, 0x0000000800000000)
  eden space 1052672K, 100% used [0x0000000755a00000,0x0000000795e00000,0x0000000795e00000)
  from space 1536K, 14% used [0x0000000795e00000,0x0000000795e38000,0x0000000795f80000)
  to   space 1536K, 0% used [0x00000007d6380000,0x00000007d6380000,0x00000007d6500000)
 ParOldGen       total 348672K, used 916K [0x0000000600e00000, 0x0000000616280000, 0x0000000755a00000)
  object space 348672K, 0% used [0x0000000600e00000,0x0000000600ee5060,0x0000000616280000)
 PSPermGen       total 21504K, used 7487K [0x00000005fbc00000, 0x00000005fd100000, 0x0000000600e00000)
  object space 21504K, 34% used [0x00000005fbc00000,0x00000005fc34fc58,0x00000005fd100000)
Event: 0.692 GC heap after
Heap after GC invocations=8 (full 0):
 PSYoungGen      total 2106880K, used 256K [0x0000000755a00000, 0x00000007d6500000, 0x0000000800000000)
  eden space 2105344K, 0% used [0x0000000755a00000,0x0000000755a00000,0x00000007d6200000)
  from space 1536K, 16% used [0x00000007d6380000,0x00000007d63c0000,0x00000007d6500000)
  to   space 1536K, 0% used [0x00000007d6200000,0x00000007d6200000,0x00000007d6380000)
 ParOldGen       total 348672K, used 972K [0x0000000600e00000, 0x0000000616280000, 0x0000000755a00000)
  object space 348672K, 0% used [0x0000000600e00000,0x0000000600ef3060,0x0000000616280000)
 PSPermGen       total 21504K, used 7487K [0x00000005fbc00000, 0x00000005fd100000, 0x0000000600e00000)
  object space 21504K, 34% used [0x00000005fbc00000,0x00000005fc34fc58,0x00000005fd100000)
}
Event: 0.993 GC heap before
{Heap before GC invocations=9 (full 0):
 PSYoungGen      total 2106880K, used 2105600K [0x0000000755a00000, 0x00000007d6500000, 0x0000000800000000)
  eden space 2105344K, 100% used [0x0000000755a00000,0x00000007d6200000,0x00000007d6200000)
  from space 1536K, 16% used [0x00000007d6380000,0x00000007d63c0000,0x00000007d6500000)
  to   space 1536K, 0% used [0x00000007d6200000,0x00000007d6200000,0x00000007d6380000)
 ParOldGen       total 348672K, used 972K [0x0000000600e00000, 0x0000000616280000, 0x0000000755a00000)
  object space 348672K, 0% used [0x0000000600e00000,0x0000000600ef3060,0x0000000616280000)
 PSPermGen       total 21504K, used 7487K [0x00000005fbc00000, 0x00000005fd100000, 0x0000000600e00000)
  object space 21504K, 34% used [0x00000005fbc00000,0x00000005fc34fc58,0x00000005fd100000)
Event: 0.995 GC heap after
Heap after GC invocations=9 (full 0):
 PSYoungGen      total 2106880K, used 384K [0x0000000755a00000, 0x0000000800000000, 0x0000000800000000)
  eden space 2105344K, 0% used [0x0000000755a00000,0x0000000755a00000,0x00000007d6200000)
  from space 1536K, 25% used [0x00000007d6200000,0x00000007d6260000,0x00000007d6380000)
  to   space 1536K, 0% used [0x00000007ffe80000,0x00000007ffe80000,0x0000000800000000)
 ParOldGen       total 348672K, used 1036K [0x0000000600e00000, 0x0000000616280000, 0x0000000755a00000)
  object space 348672K, 0% used [0x0000000600e00000,0x0000000600f03060,0x0000000616280000)
 PSPermGen       total 21504K, used 7487K [0x00000005fbc00000, 0x00000005fd100000, 0x0000000600e00000)
  object space 21504K, 34% used [0x00000005fbc00000,0x00000005fc34fc58,0x00000005fd100000)
}

