# JRE version: Java(TM) SE Runtime Environment (7.0_55-b13) (build 1.7.0_55-b13)
# Java VM: Java HotSpot(TM) 64-Bit Server VM (24.55-b03 mixed mode windows-amd64 compressed oops)
Heap
 PSYoungGen      total 723968K, used 125495K [0x0000000755a00000, 0x0000000800000000, 0x0000000800000000)
  eden space 723456K, 17% used [0x0000000755a00000,0x000000075d44de30,0x0000000781c80000)
  from space 512K, 50% used [0x00000007fff80000,0x00000007fffc0000,0x0000000800000000)
  to   space 512K, 0% used [0x00000007fff00000,0x00000007fff00000,0x00000007fff80000)
 ParOldGen       total 348672K, used 70111K [0x0000000600e00000, 0x0000000616280000, 0x0000000755a00000)
  object space 348672K, 20% used [0x0000000600e00000,0x0000000605277e88,0x0000000616280000)
 PSPermGen       total 21504K, used 7530K [0x00000005fbc00000, 0x00000005fd100000, 0x0000000600e00000)
  object space 21504K, 35% used [0x00000005fbc00000,0x00000005fc35a968,0x00000005fd100000)
GC Heap History (10 events):
Event: 139.609 GC heap before
{Heap before GC invocations=1110 (full 0):
 PSYoungGen      total 900608K, used 900352K [0x0000000755a00000, 0x0000000800000000, 0x0000000800000000)
  eden space 900096K, 100% used [0x0000000755a00000,0x000000078c900000,0x000000078c900000)
  from space 512K, 50% used [0x00000007fff00000,0x00000007fff40000,0x00000007fff80000)
  to   space 512K, 0% used [0x00000007fff80000,0x00000007fff80000,0x0000000800000000)
 ParOldGen       total 348672K, used 69895K [0x0000000600e00000, 0x0000000616280000, 0x0000000755a00000)
  object space 348672K, 20% used [0x0000000600e00000,0x0000000605241e88,0x0000000616280000)
 PSPermGen       total 21504K, used 7530K [0x00000005fbc00000, 0x00000005fd100000, 0x0000000600e00000)
  object space 21504K, 35% used [0x00000005fbc00000,0x00000005fc35a968,0x00000005fd100000)
Event: 139.610 GC heap after
Heap after GC invocations=1110 (full 0):
 PSYoungGen      total 861696K, used 192K [0x0000000755a00000, 0x0000000800000000, 0x0000000800000000)
  eden space 861184K, 0% used [0x0000000755a00000,0x0000000755a00000,0x000000078a300000)
  from space 512K, 37% used [0x00000007fff80000,0x00000007fffb0000,0x0000000800000000)
  to   space 512K, 0% used [0x00000007fff00000,0x00000007fff00000,0x00000007fff80000)
 ParOldGen       total 348672K, used 69919K [0x0000000600e00000, 0x0000000616280000, 0x0000000755a00000)
  object space 348672K, 20% used [0x0000000600e00000,0x0000000605247e88,0x0000000616280000)
 PSPermGen       total 21504K, used 7530K [0x00000005fbc00000, 0x00000005fd100000, 0x0000000600e00000)
  object space 21504K, 35% used [0x00000005fbc00000,0x00000005fc35a968,0x00000005fd100000)
}
Event: 139.705 GC heap before
{Heap before GC invocations=1111 (full 0):
 PSYoungGen      total 861696K, used 861376K [0x0000000755a00000, 0x0000000800000000, 0x0000000800000000)
  eden space 861184K, 100% used [0x0000000755a00000,0x000000078a300000,0x000000078a300000)
  from space 512K, 37% used [0x00000007fff80000,0x00000007fffb0000,0x0000000800000000)
  to   space 512K, 0% used [0x00000007fff00000,0x00000007fff00000,0x00000007fff80000)
 ParOldGen       total 348672K, used 69919K [0x0000000600e00000, 0x0000000616280000, 0x0000000755a00000)
  object space 348672K, 20% used [0x0000000600e00000,0x0000000605247e88,0x0000000616280000)
 PSPermGen       total 21504K, used 7530K [0x00000005fbc00000, 0x00000005fd100000, 0x0000000600e00000)
  object space 21504K, 35% used [0x00000005fbc00000,0x00000005fc35a968,0x00000005fd100000)
Event: 139.706 GC heap after
Heap after GC invocations=1111 (full 0):
 PSYoungGen      total 824832K, used 256K [0x0000000755a00000, 0x0000000800000000, 0x0000000800000000)
  eden space 824320K, 0% used [0x0000000755a00000,0x0000000755a00000,0x0000000787f00000)
  from space 512K, 50% used [0x00000007fff00000,0x00000007fff40000,0x00000007fff80000)
  to   space 512K, 0% used [0x00000007fff80000,0x00000007fff80000,0x0000000800000000)
 ParOldGen       total 348672K, used 69935K [0x0000000600e00000, 0x0000000616280000, 0x0000000755a00000)
  object space 348672K, 20% used [0x0000000600e00000,0x000000060524be88,0x0000000616280000)
 PSPermGen       total 21504K, used 7530K [0x00000005fbc00000, 0x00000005fd100000, 0x0000000600e00000)
  object space 21504K, 35% used [0x00000005fbc00000,0x00000005fc35a968,0x00000005fd100000)
}
Event: 139.794 GC heap before
{Heap before GC invocations=1112 (full 0):
 PSYoungGen      total 824832K, used 824576K [0x0000000755a00000, 0x0000000800000000, 0x0000000800000000)
  eden space 824320K, 100% used [0x0000000755a00000,0x0000000787f00000,0x0000000787f00000)
  from space 512K, 50% used [0x00000007fff00000,0x00000007fff40000,0x00000007fff80000)
  to   space 512K, 0% used [0x00000007fff80000,0x00000007fff80000,0x0000000800000000)
 ParOldGen       total 348672K, used 69935K [0x0000000600e00000, 0x0000000616280000, 0x0000000755a00000)
  object space 348672K, 20% used [0x0000000600e00000,0x000000060524be88,0x0000000616280000)
 PSPermGen       total 21504K, used 7530K [0x00000005fbc00000, 0x00000005fd100000, 0x0000000600e00000)
  object space 21504K, 35% used [0x00000005fbc00000,0x00000005fc35a968,0x00000005fd100000)
Event: 139.795 GC heap after
Heap after GC invocations=1112 (full 0):
 PSYoungGen      total 789504K, used 256K [0x0000000755a00000, 0x0000000800000000, 0x0000000800000000)
  eden space 788992K, 0% used [0x0000000755a00000,0x0000000755a00000,0x0000000785c80000)
  from space 512K, 50% used [0x00000007fff80000,0x00000007fffc0000,0x0000000800000000)
  to   space 512K, 0% used [0x00000007fff00000,0x00000007fff00000,0x00000007fff80000)
 ParOldGen       total 348672K, used 69975K [0x0000000600e00000, 0x0000000616280000, 0x0000000755a00000)
  object space 348672K, 20% used [0x0000000600e00000,0x0000000605255e88,0x0000000616280000)
 PSPermGen       total 21504K, used 7530K [0x00000005fbc00000, 0x00000005fd100000, 0x0000000600e00000)
  object space 21504K, 35% used [0x00000005fbc00000,0x00000005fc35a968,0x00000005fd100000)
}
Event: 139.877 GC heap before
{Heap before GC invocations=1113 (full 0):
 PSYoungGen      total 789504K, used 789248K [0x0000000755a00000, 0x0000000800000000, 0x0000000800000000)
  eden space 788992K, 100% used [0x0000000755a00000,0x0000000785c80000,0x0000000785c80000)
  from space 512K, 50% used [0x00000007fff80000,0x00000007fffc0000,0x0000000800000000)
  to   space 512K, 0% used [0x00000007fff00000,0x00000007fff00000,0x00000007fff80000)
 ParOldGen       total 348672K, used 69975K [0x0000000600e00000, 0x0000000616280000, 0x0000000755a00000)
  object space 348672K, 20% used [0x0000000600e00000,0x0000000605255e88,0x0000000616280000)
 PSPermGen       total 21504K, used 7530K [0x00000005fbc00000, 0x00000005fd100000, 0x0000000600e00000)
  object space 21504K, 35% used [0x00000005fbc00000,0x00000005fc35a968,0x00000005fd100000)
Event: 139.877 GC heap after
Heap after GC invocations=1113 (full 0):
 PSYoungGen      total 755712K, used 256K [0x0000000755a00000, 0x0000000800000000, 0x0000000800000000)
  eden space 755200K, 0% used [0x0000000755a00000,0x0000000755a00000,0x0000000783b80000)
  from space 512K, 50% used [0x00000007fff00000,0x00000007fff40000,0x00000007fff80000)
  to   space 512K, 0% used [0x00000007fff80000,0x00000007fff80000,0x0000000800000000)
 ParOldGen       total 348672K, used 70047K [0x0000000600e00000, 0x0000000616280000, 0x0000000755a00000)
  object space 348672K, 20% used [0x0000000600e00000,0x0000000605267e88,0x0000000616280000)
 PSPermGen       total 21504K, used 7530K [0x00000005fbc00000, 0x00000005fd100000, 0x0000000600e00000)
  object space 21504K, 35% used [0x00000005fbc00000,0x00000005fc35a968,0x00000005fd100000)
}
Event: 139.957 GC heap before
{Heap before GC invocations=1114 (full 0):
 PSYoungGen      total 755712K, used 755456K [0x0000000755a00000, 0x0000000800000000, 0x0000000800000000)
  eden space 755200K, 100% used [0x0000000755a00000,0x0000000783b80000,0x0000000783b80000)
  from space 512K, 50% used [0x00000007fff00000,0x00000007fff40000,0x00000007fff80000)
  to   space 512K, 0% used [0x00000007fff80000,0x00000007fff80000,0x0000000800000000)
 ParOldGen       total 348672K, used 70047K [0x0000000600e00000, 0x0000000616280000, 0x0000000755a00000)
  object space 348672K, 20% used [0x0000000600e00000,0x0000000605267e88,0x0000000616280000)
 PSPermGen       total 21504K, used 7530K [0x00000005fbc00000, 0x00000005fd100000, 0x0000000600e00000)
  object space 21504K, 35% used [0x00000005fbc00000,0x00000005fc35a968,0x00000005fd100000)
Event: 139.957 GC heap after
Heap after GC invocations=1114 (full 0):
 PSYoungGen      total 723968K, used 256K [0x0000000755a00000, 0x0000000800000000, 0x0000000800000000)
  eden space 723456K, 0% used [0x0000000755a00000,0x0000000755a00000,0x0000000781c80000)
  from space 512K, 50% used [0x00000007fff80000,0x00000007fffc0000,0x0000000800000000)
  to   space 512K, 0% used [0x00000007fff00000,0x00000007fff00000,0x00000007fff80000)
 ParOldGen       total 348672K, used 70111K [0x0000000600e00000, 0x0000000616280000, 0x0000000755a00000)
  object space 348672K, 20% used [0x0000000600e00000,0x0000000605277e88,0x0000000616280000)
 PSPermGen       total 21504K, used 7530K [0x00000005fbc00000, 0x00000005fd100000, 0x0000000600e00000)
  object space 21504K, 35% used [0x00000005fbc00000,0x00000005fc35a968,0x00000005fd100000)
}

